<?xml version="1.0" encoding="UTF-8"?>
<testng-results skipped="0" failed="0" ignored="0" total="1" passed="1">
  <reporter-output>
  </reporter-output>
  <suite name="Default suite" duration-ms="105" started-at="2020-12-22T16:30:52Z" finished-at="2020-12-22T16:30:52Z">
    <groups>
    </groups>
    <test name="Default test" duration-ms="105" started-at="2020-12-22T16:30:52Z" finished-at="2020-12-22T16:30:52Z">
      <class name="com.Interface.AppTest">
        <test-method status="PASS" signature="shouldAnswerWithTrue()[pri:0, instance:com.Interface.AppTest@d8355a8]" name="shouldAnswerWithTrue" duration-ms="19" started-at="2020-12-22T16:30:52Z" finished-at="2020-12-22T16:30:52Z">
          <reporter-output>
          </reporter-output>
        </test-method> <!-- shouldAnswerWithTrue -->
      </class> <!-- com.Interface.AppTest -->
    </test> <!-- Default test -->
  </suite> <!-- Default suite -->
</testng-results>
