<?xml version="1.0" encoding="UTF-8"?>
<testng-results skipped="0" failed="0" ignored="0" total="1" passed="1">
  <reporter-output>
  </reporter-output>
  <suite name="Default suite" duration-ms="36" started-at="2020-07-23T22:39:19Z" finished-at="2020-07-23T22:39:19Z">
    <groups>
    </groups>
    <test name="Default test" duration-ms="36" started-at="2020-07-23T22:39:19Z" finished-at="2020-07-23T22:39:19Z">
      <class name="com.Interface.AppTest">
        <test-method status="PASS" signature="shouldAnswerWithTrue()[pri:0, instance:com.Interface.AppTest@7823a2f9]" name="shouldAnswerWithTrue" duration-ms="10" started-at="2020-07-23T22:39:19Z" finished-at="2020-07-23T22:39:19Z">
          <reporter-output>
          </reporter-output>
        </test-method> <!-- shouldAnswerWithTrue -->
      </class> <!-- com.Interface.AppTest -->
    </test> <!-- Default test -->
  </suite> <!-- Default suite -->
</testng-results>
